-- R1.1-17: malu_vector custom varlena type.
--
-- Exercises:
--   * text I/O round-trip ("[1, 2, 3]" parses and prints back)
--   * empty vector "[]" is accepted
--   * malformed input raises invalid_text_representation
--   * binary-compatible cast bytea ↔ malu_vector is zero-cost
--   * vector_dims / vector_norm / vector_dot_product work on the new type
--   * malu$vector_chunk.embedding is now declared malu_vector
--   * pg_attribute reflects the type swap
\set ECHO all
SET search_path = maludb_core, public;
-- ---------- text I/O ---------------------------------------------------
SELECT '[1, 2, 3, 4]'::malu_vector::text                 AS roundtrip_basic;
 roundtrip_basic 
-----------------
 [1, 2, 3, 4]
(1 row)

SELECT '[0.5, -0.5, 1.25]'::malu_vector::text             AS roundtrip_signed;
 roundtrip_signed  
-------------------
 [0.5, -0.5, 1.25]
(1 row)

SELECT '[]'::malu_vector::text                            AS empty_vec;
 empty_vec 
-----------
 []
(1 row)

SELECT '[1, 2,3 , 4 ]'::malu_vector::text                 AS whitespace_ok;
 whitespace_ok 
---------------
 [1, 2, 3, 4]
(1 row)

SELECT vector_dims('[1, 2, 3, 4, 5]'::malu_vector)        AS dim_5;
 dim_5 
-------
     5
(1 row)

SELECT vector_dims('[]'::malu_vector)                     AS dim_0;
 dim_0 
-------
     0
(1 row)

-- ---------- malformed input -------------------------------------------
DO $$ BEGIN
    PERFORM '1, 2, 3'::malu_vector;
    RAISE EXCEPTION 'should have rejected missing opening bracket';
EXCEPTION WHEN invalid_text_representation THEN
    RAISE NOTICE 'OK: missing [ rejected';
END $$;
NOTICE:  OK: missing [ rejected
DO $$ BEGIN
    PERFORM '[1, 2, 3'::malu_vector;
    RAISE EXCEPTION 'should have rejected missing closing bracket';
EXCEPTION WHEN invalid_text_representation THEN
    RAISE NOTICE 'OK: missing ] rejected';
END $$;
NOTICE:  OK: missing ] rejected
DO $$ BEGIN
    PERFORM '[1, two, 3]'::malu_vector;
    RAISE EXCEPTION 'should have rejected non-numeric token';
EXCEPTION WHEN invalid_text_representation THEN
    RAISE NOTICE 'OK: non-numeric token rejected';
END $$;
NOTICE:  OK: non-numeric token rejected
-- ---------- bytea ↔ malu_vector zero-cost cast -------------------------
-- A bytea built from the right number of bytes is the SAME value when
-- viewed as malu_vector. Round-trip both ways.
SELECT vector_from_real_array('{1,2,3,4}'::real[])::bytea = vector_from_real_array('{1,2,3,4}'::real[])::bytea
       AS bytea_cast_works;
 bytea_cast_works 
------------------
 t
(1 row)

-- Cast preserves bits: build the bytea by hand and read it as malu_vector.
WITH bytes AS (
    SELECT decode('0000803f0000004000004040', 'hex')::bytea AS b
)
SELECT (b::malu_vector)::text AS three_floats
FROM bytes;
 three_floats 
--------------
 [1, 2, 3]
(1 row)

-- 0000803f = 1.0, 00000040 = 2.0, 00004040 = 3.0 (host-order LE)
-- ---------- function surface (post-swap) ------------------------------
SELECT vector_dims('[1, 0, 0, 0]'::malu_vector)                        AS dims_4;
 dims_4 
--------
      4
(1 row)

SELECT round(vector_norm('[3, 4, 0, 0]'::malu_vector)::numeric, 4)     AS norm_5;
 norm_5 
--------
 5.0000
(1 row)

SELECT vector_dot_product('[1, 0, 0, 0]'::malu_vector,
                          '[0.5, 0.5, 0, 0]'::malu_vector)             AS dot;
 dot 
-----
 0.5
(1 row)

SELECT vector_l2_squared('[1, 0, 0, 0]'::malu_vector,
                         '[0, 1, 0, 0]'::malu_vector)                  AS l2sq_2;
 l2sq_2 
--------
      2
(1 row)

SELECT round(vector_norm(vector_normalize('[3, 4, 0, 0]'::malu_vector))::numeric, 6)
       AS unit_norm;
 unit_norm 
-----------
  1.000000
(1 row)

-- ---------- distance wrappers -----------------------------------------
SELECT round(cosine_distance('[1, 0, 0, 0]'::malu_vector,
                             '[1, 0, 0, 0]'::malu_vector)::numeric, 6) AS cos_identical;
 cos_identical 
---------------
      0.000000
(1 row)

SELECT round(cosine_distance('[1, 0, 0, 0]'::malu_vector,
                             '[0, 1, 0, 0]'::malu_vector)::numeric, 6) AS cos_orthogonal;
 cos_orthogonal 
----------------
       1.000000
(1 row)

SELECT l2_squared_distance('[1, 0, 0, 0]'::malu_vector,
                           '[0, 1, 0, 0]'::malu_vector) AS l2sq_2_again;
 l2sq_2_again 
--------------
            2
(1 row)

SELECT inner_product('[1, 2, 3]'::malu_vector,
                     '[4, 5, 6]'::malu_vector)          AS ip_32;
 ip_32 
-------
    32
(1 row)

-- ---------- malu$vector_chunk.embedding column type --------------------
SELECT atttypid::regtype AS embedding_type
FROM   pg_attribute
WHERE  attrelid = 'malu$vector_chunk'::regclass
  AND  attname  = 'embedding';
 embedding_type 
----------------
 malu_vector
(1 row)

-- ---------- vector_to_real_array round-trip ----------------------------
SELECT vector_to_real_array('[1, 2, 3, 4]'::malu_vector) AS reals;
   reals   
-----------
 {1,2,3,4}
(1 row)

