-- Stage 3 S3-4 — MAUT confidence + precision.
--
-- Exercises:
--   * apply_default_weights seeds 7 categories + is idempotent
--   * set_maut_score upserts per (object, category)
--   * maut_aggregate_confidence weighted-sums available subscores
--     normalised by the sum of corresponding weights
--   * categories without scores are skipped (don't drag aggregate)
--   * disabling a weight removes it from the aggregate
--   * malu$maut_summary view + maut_score_detail breakdown
--   * CHECK constraints on subscore + weight bounds
\set ECHO all
SET search_path = maludb_core, public;
SET client_min_messages = NOTICE;
-- ---------- defaults --------------------------------------------------
SELECT apply_default_weights('fact')   AS fact_defaults_inserted;
 fact_defaults_inserted 
------------------------
                      7
(1 row)

SELECT apply_default_weights('claim')  AS claim_defaults_inserted;
 claim_defaults_inserted 
-------------------------
                       7
(1 row)

SELECT apply_default_weights('fact')   AS fact_defaults_idempotent;
 fact_defaults_idempotent 
--------------------------
                        0
(1 row)

SELECT count(*) AS fact_weights, sum(weight)::numeric(6,4) AS total_weight
FROM malu$maut_weight WHERE target_object_type = 'fact';
 fact_weights | total_weight 
--------------+--------------
            7 |       1.0000
(1 row)

-- ---------- target row to score --------------------------------------
SELECT register_fact(
    p_claim_ids => ARRAY[]::bigint[],
    p_subject   => 'service',
    p_verb      => 'has_status',
    p_object_value => 'healthy',
    p_statement_text => 'all-green on the dashboard'
) AS f_a \gset
-- aggregate is NULL when no subscores yet
SELECT maut_aggregate_confidence('fact', :f_a) AS pre_score;
 pre_score 
-----------
          
(1 row)

-- ---------- set_maut_score (upsert) ----------------------------------
SELECT set_maut_score('fact', :f_a, 'supporting_facts', 0.90,
    p_evaluator_name => 'corroboration_v1',
    p_evaluator_kind => 'automated',
    p_evidence       => jsonb_build_object('supporting_count', 7)) > 0 AS sf_set;
 sf_set 
--------
 t
(1 row)

SELECT set_maut_score('fact', :f_a, 'source_diversity', 0.60,
    p_evaluator_name => 'source_audit',
    p_evidence       => jsonb_build_object('distinct_sources', 3)) > 0 AS sd_set;
 sd_set 
--------
 t
(1 row)

SELECT set_maut_score('fact', :f_a, 'claim_consistency', 0.95,
    p_evaluator_name => 'consistency_v2',
    p_evaluator_kind => 'model',
    p_evaluator_meta => jsonb_build_object('model','consistency-v2')) > 0 AS cc_set;
 cc_set 
--------
 t
(1 row)

-- Re-evaluating the same category replaces the score
SELECT set_maut_score('fact', :f_a, 'supporting_facts', 0.85,
    p_evaluator_name => 'corroboration_v1',
    p_evaluator_kind => 'automated',
    p_evidence       => jsonb_build_object('supporting_count', 6)) > 0 AS sf_reset;
 sf_reset 
----------
 t
(1 row)

SELECT count(*) AS row_count, max(subscore) AS subscore_latest
FROM malu$maut_score
WHERE target_object_type = 'fact'
  AND target_object_id   = :f_a
  AND category           = 'supporting_facts';
 row_count | subscore_latest 
-----------+-----------------
         1 |          0.8500
(1 row)

-- ---------- aggregate weighted sum -----------------------------------
-- Expected:
--   supporting_facts:    0.85 × 0.20 = 0.17
--   source_diversity:    0.60 × 0.15 = 0.09
--   claim_consistency:   0.95 × 0.15 = 0.1425
--   sum_weighted = 0.4025
--   sum_weights  = 0.50
--   aggregate    = 0.4025 / 0.50 = 0.805
SELECT maut_aggregate_confidence('fact', :f_a) AS aggregate;
 aggregate 
-----------
    0.8050
(1 row)

-- ---------- maut_score_detail breakdown -----------------------------
SELECT category, subscore, weight, weighted_contribution
FROM maut_score_detail('fact', :f_a)
ORDER BY weight DESC, category;
     category      | subscore | weight | weighted_contribution 
-------------------+----------+--------+-----------------------
 supporting_facts  |   0.8500 | 0.2000 |                0.1700
 claim_consistency |   0.9500 | 0.1500 |                0.1425
 source_diversity  |   0.6000 | 0.1500 |                0.0900
(3 rows)

-- ---------- malu$maut_summary view ----------------------------------
SELECT target_object_type, target_object_id = :f_a AS object_matched,
       categories_scored, scored_categories,
       aggregate_confidence
FROM malu$maut_summary WHERE target_object_id = :f_a;
 target_object_type | object_matched | categories_scored |                   scored_categories                   | aggregate_confidence 
--------------------+----------------+-------------------+-------------------------------------------------------+----------------------
 fact               | t              |                 3 | {claim_consistency,source_diversity,supporting_facts} |               0.8050
(1 row)

-- ---------- disable a weight, aggregate recomputes ------------------
UPDATE malu$maut_weight SET enabled = false
WHERE target_object_type = 'fact' AND category = 'source_diversity';
-- new aggregate excludes source_diversity weight + subscore:
--   sum_weighted = 0.17 + 0.1425 = 0.3125
--   sum_weights  = 0.20 + 0.15   = 0.35
--   aggregate    = 0.3125 / 0.35 = 0.8929 → rounded 0.8929
SELECT maut_aggregate_confidence('fact', :f_a) AS aggregate_after_disable;
 aggregate_after_disable 
-------------------------
                  0.8929
(1 row)

-- re-enable for cleanup
UPDATE malu$maut_weight SET enabled = true
WHERE target_object_type = 'fact' AND category = 'source_diversity';
-- ---------- CHECK constraints ---------------------------------------
DO $$ BEGIN
    PERFORM set_maut_score('fact', 1, 'supporting_facts', 1.5,
                           p_evaluator_name => 'test');
    RAISE EXCEPTION 'should have rejected subscore > 1';
EXCEPTION WHEN check_violation THEN
    RAISE NOTICE 'OK: subscore upper bound enforced';
END $$;
NOTICE:  OK: subscore upper bound enforced
DO $$ BEGIN
    INSERT INTO malu$maut_weight (target_object_type, category, weight)
    VALUES ('fact', 'inference', -0.1);
    RAISE EXCEPTION 'should have rejected negative weight';
EXCEPTION WHEN check_violation THEN
    RAISE NOTICE 'OK: weight lower bound enforced';
END $$;
NOTICE:  OK: weight lower bound enforced
DO $$ BEGIN
    PERFORM set_maut_score('fact', 1, 'unknown_category', 0.5,
                           p_evaluator_name => 'test');
    RAISE EXCEPTION 'should have rejected bad category';
EXCEPTION WHEN check_violation THEN
    RAISE NOTICE 'OK: bad category rejected';
END $$;
NOTICE:  OK: bad category rejected
-- ---------- stage_boundary: maut_score no longer forbidden ----------
SELECT count(*) AS maut_violations
FROM stage_boundary_violations() WHERE object_name LIKE 'malu$maut_%';
 maut_violations 
-----------------
               0
(1 row)

-- ---------- cleanup -------------------------------------------------
DELETE FROM malu$maut_score
 WHERE target_object_type = 'fact' AND target_object_id = :f_a;
DELETE FROM malu$fact WHERE fact_id = :f_a;
-- Leave the default weights in place — they're tenant-level config.
