-- R1.1-5: prompt variable schema + bind-time validators.
--
-- Exercises malu$prompt_variable + _validate_bind_variables across:
--   * additive coexistence with the legacy JSONB variables column
--   * required / default / type coercion / enum / regex / length
--   * on_missing_variable + on_extra_variable + null_handling
--   * escape_mode + max_rendered_prompt_chars + on_truncate
\set ECHO all
SET search_path = maludb_core, public;
SET client_min_messages = NOTICE;
-- ---------- fixture ----------------------------------------------------
INSERT INTO malu$prompt_template (template_name, body, variables)
VALUES
    ('pv_typed',  'hello {{name}}, you are {{age}} years old',  '{}'::jsonb),
    ('pv_legacy', 'plain {{label}}', '{"label": "?"}'::jsonb);
SELECT declare_prompt_variable('pv_typed', 'name',
    p_variable_type=>'text',
    p_required=>true,
    p_max_length=>32,
    p_validation_rule=>'^[A-Za-z][A-Za-z0-9 _-]*$') > 0 AS ok_name;
 ok_name 
---------
 t
(1 row)

SELECT declare_prompt_variable('pv_typed', 'age',
    p_variable_type=>'integer',
    p_required=>false,
    p_default_value=>'0') > 0 AS ok_age;
 ok_age 
--------
 t
(1 row)

SELECT declare_prompt_variable('pv_typed', 'tier',
    p_variable_type=>'enum',
    p_required=>false,
    p_default_value=>'standard',
    p_enum_values=>ARRAY['standard','premium','enterprise']) > 0 AS ok_tier;
 ok_tier 
---------
 t
(1 row)

-- notes: text with no validation rule, so escape-mode tests can use special chars
SELECT declare_prompt_variable('pv_typed', 'notes',
    p_variable_type=>'text',
    p_required=>false) > 0 AS ok_notes;
 ok_notes 
----------
 t
(1 row)

-- declare_prompt_variable upsert: bump max_length on `name`
SELECT declare_prompt_variable('pv_typed', 'name',
    p_variable_type=>'text',
    p_required=>true,
    p_max_length=>64,
    p_validation_rule=>'^[A-Za-z][A-Za-z0-9 _-]*$') > 0 AS ok_name_upsert;
 ok_name_upsert 
----------------
 t
(1 row)

SELECT variable_name, variable_type, required, max_length, default_value, enum_values
FROM malu$prompt_variable
WHERE template_id = (SELECT template_id FROM malu$prompt_template WHERE template_name='pv_typed')
ORDER BY variable_name;
 variable_name | variable_type | required | max_length | default_value |          enum_values          
---------------+---------------+----------+------------+---------------+-------------------------------
 age           | integer       | f        |            | 0             | 
 name          | text          | t        |         64 |               | 
 notes         | text          | f        |            |               | 
 tier          | enum          | f        |            | standard      | {standard,premium,enterprise}
(4 rows)

-- ---------- typed path: happy ------------------------------------------
SELECT status, normalized_variables, declared_count, supplied_count, cardinality(warnings) AS n_warn
FROM _validate_bind_variables(
    (SELECT template_id FROM malu$prompt_template WHERE template_name='pv_typed'),
    jsonb_build_object('name', 'Alice', 'age', 30, 'tier', 'premium'),
    _default_bind_options());
 status |               normalized_variables                | declared_count | supplied_count | n_warn 
--------+---------------------------------------------------+----------------+----------------+--------
 ok     | {"age": "30", "name": "Alice", "tier": "premium"} |              4 |              3 |      0
(1 row)

-- default fills in for missing optionals
SELECT normalized_variables
FROM _validate_bind_variables(
    (SELECT template_id FROM malu$prompt_template WHERE template_name='pv_typed'),
    jsonb_build_object('name', 'Bob'),
    _default_bind_options());
              normalized_variables               
-------------------------------------------------
 {"age": "0", "name": "Bob", "tier": "standard"}
(1 row)

-- ---------- typed path: required missing -------------------------------
DO $$ BEGIN
    PERFORM _validate_bind_variables(
        (SELECT template_id FROM malu$prompt_template WHERE template_name='pv_typed'),
        '{}'::jsonb,
        _default_bind_options());
    RAISE EXCEPTION 'should have rejected missing required';
EXCEPTION WHEN not_null_violation THEN
    RAISE NOTICE 'OK: required-missing rejected';
END $$;
NOTICE:  OK: required-missing rejected
-- on_missing_variable='blank' → fills with empty string
SELECT normalized_variables
FROM _validate_bind_variables(
    (SELECT template_id FROM malu$prompt_template WHERE template_name='pv_typed'),
    '{}'::jsonb,
    ROW(true,'blank','warn','null_literal',NULL,NULL,'error','none')::malu$bind_options);
             normalized_variables             
----------------------------------------------
 {"age": "0", "name": "", "tier": "standard"}
(1 row)

-- on_missing_variable='preserve' → leaves the slot unfilled
SELECT normalized_variables
FROM _validate_bind_variables(
    (SELECT template_id FROM malu$prompt_template WHERE template_name='pv_typed'),
    '{}'::jsonb,
    ROW(true,'preserve','warn','null_literal',NULL,NULL,'error','none')::malu$bind_options);
       normalized_variables       
----------------------------------
 {"age": "0", "tier": "standard"}
(1 row)

-- ---------- type coercion ----------------------------------------------
-- integer-as-string OK, integer-as-bool rejected
SELECT normalized_variables
FROM _validate_bind_variables(
    (SELECT template_id FROM malu$prompt_template WHERE template_name='pv_typed'),
    jsonb_build_object('name','Carla','age','42'),
    _default_bind_options());
                normalized_variables                
----------------------------------------------------
 {"age": "42", "name": "Carla", "tier": "standard"}
(1 row)

DO $$ BEGIN
    PERFORM _validate_bind_variables(
        (SELECT template_id FROM malu$prompt_template WHERE template_name='pv_typed'),
        jsonb_build_object('name','Dani','age', true),
        _default_bind_options());
    RAISE EXCEPTION 'should have rejected bool-as-int';
EXCEPTION WHEN invalid_parameter_value THEN
    RAISE NOTICE 'OK: integer rejects boolean';
END $$;
NOTICE:  OK: integer rejects boolean
-- enum rejects unknown value
DO $$ BEGIN
    PERFORM _validate_bind_variables(
        (SELECT template_id FROM malu$prompt_template WHERE template_name='pv_typed'),
        jsonb_build_object('name','Eli','tier','platinum'),
        _default_bind_options());
    RAISE EXCEPTION 'should have rejected enum value';
EXCEPTION WHEN invalid_parameter_value THEN
    RAISE NOTICE 'OK: enum rejects out-of-set value';
END $$;
NOTICE:  OK: enum rejects out-of-set value
-- regex on text
DO $$ BEGIN
    PERFORM _validate_bind_variables(
        (SELECT template_id FROM malu$prompt_template WHERE template_name='pv_typed'),
        jsonb_build_object('name','9-bad-start'),
        _default_bind_options());
    RAISE EXCEPTION 'should have rejected regex';
EXCEPTION WHEN check_violation THEN
    RAISE NOTICE 'OK: regex rule enforced';
END $$;
NOTICE:  OK: regex rule enforced
-- ---------- length / truncate ------------------------------------------
-- max_length on the variable: error mode
DO $$ BEGIN
    PERFORM _validate_bind_variables(
        (SELECT template_id FROM malu$prompt_template WHERE template_name='pv_typed'),
        jsonb_build_object('name', repeat('A', 200)),
        _default_bind_options());
    RAISE EXCEPTION 'should have rejected length';
EXCEPTION WHEN string_data_right_truncation THEN
    RAISE NOTICE 'OK: length rule enforced';
END $$;
NOTICE:  OK: length rule enforced
-- max_length on the variable: truncate_with_notice mode
SELECT char_length(normalized_variables ->> 'name') AS truncated_len
FROM _validate_bind_variables(
    (SELECT template_id FROM malu$prompt_template WHERE template_name='pv_typed'),
    jsonb_build_object('name', repeat('A', 200)),
    ROW(true,'error','warn','null_literal',NULL,NULL,'truncate_with_notice','none')::malu$bind_options);
NOTICE:  BIND_TRUNCATE: variable name length 200, truncated to 64
 truncated_len 
---------------
            64
(1 row)

-- max_rendered_prompt_chars: error when the variables alone blow the cap
DO $$ BEGIN
    PERFORM _validate_bind_variables(
        (SELECT template_id FROM malu$prompt_template WHERE template_name='pv_typed'),
        jsonb_build_object('name', repeat('B', 60), 'age', 1),
        ROW(true,'error','warn','null_literal',NULL,10,'error','none')::malu$bind_options);
    RAISE EXCEPTION 'should have rejected total length';
EXCEPTION WHEN string_data_right_truncation THEN
    RAISE NOTICE 'OK: max_rendered_prompt_chars enforced';
END $$;
NOTICE:  OK: max_rendered_prompt_chars enforced
-- max_rendered_prompt_chars: warn under truncate_with_notice
SELECT status, cardinality(warnings) AS n_warn
FROM _validate_bind_variables(
    (SELECT template_id FROM malu$prompt_template WHERE template_name='pv_typed'),
    jsonb_build_object('name', repeat('C', 60), 'age', 1),
    ROW(true,'error','warn','null_literal',NULL,10,'truncate_with_notice','none')::malu$bind_options);
 status | n_warn 
--------+--------
 warned |      1
(1 row)

-- ---------- extras / strict mismatch -----------------------------------
SELECT status, cardinality(warnings) AS n_warn
FROM _validate_bind_variables(
    (SELECT template_id FROM malu$prompt_template WHERE template_name='pv_typed'),
    jsonb_build_object('name','Fay','flavour','mango'),
    _default_bind_options());
NOTICE:  BIND_UNDECLARED_VARIABLES: {flavour}
 status | n_warn 
--------+--------
 warned |      1
(1 row)

DO $$ BEGIN
    PERFORM _validate_bind_variables(
        (SELECT template_id FROM malu$prompt_template WHERE template_name='pv_typed'),
        jsonb_build_object('name','Gia','flavour','mango'),
        ROW(true,'error','error','null_literal',NULL,NULL,'error','none')::malu$bind_options);
    RAISE EXCEPTION 'should have rejected extras';
EXCEPTION WHEN invalid_parameter_value THEN
    RAISE NOTICE 'OK: on_extra_variable=error enforced';
END $$;
NOTICE:  OK: on_extra_variable=error enforced
-- ---------- null handling ----------------------------------------------
SELECT normalized_variables
FROM _validate_bind_variables(
    (SELECT template_id FROM malu$prompt_template WHERE template_name='pv_typed'),
    jsonb_build_object('name','Hal','age',NULL),
    _default_bind_options());
                normalized_variables                
----------------------------------------------------
 {"age": "null", "name": "Hal", "tier": "standard"}
(1 row)

SELECT normalized_variables
FROM _validate_bind_variables(
    (SELECT template_id FROM malu$prompt_template WHERE template_name='pv_typed'),
    jsonb_build_object('name','Ivy','age',NULL),
    ROW(true,'error','warn','empty',NULL,NULL,'error','none')::malu$bind_options);
              normalized_variables              
------------------------------------------------
 {"age": "", "name": "Ivy", "tier": "standard"}
(1 row)

DO $$ BEGIN
    PERFORM _validate_bind_variables(
        (SELECT template_id FROM malu$prompt_template WHERE template_name='pv_typed'),
        jsonb_build_object('name','Jay','age',NULL),
        ROW(true,'error','warn','error',NULL,NULL,'error','none')::malu$bind_options);
    RAISE EXCEPTION 'should have rejected null';
EXCEPTION WHEN null_value_not_allowed THEN
    RAISE NOTICE 'OK: null_handling=error enforced';
END $$;
NOTICE:  OK: null_handling=error enforced
-- ---------- escape mode ------------------------------------------------
SELECT normalized_variables ->> 'notes' AS sql_escaped
FROM _validate_bind_variables(
    (SELECT template_id FROM malu$prompt_template WHERE template_name='pv_typed'),
    jsonb_build_object('name','Kim','notes', E'O''Reilly''s book'),
    ROW(true,'error','warn','null_literal',NULL,NULL,'error','sql_literal')::malu$bind_options);
    sql_escaped    
-------------------
 O''Reilly''s book
(1 row)

SELECT normalized_variables ->> 'notes' AS json_escaped
FROM _validate_bind_variables(
    (SELECT template_id FROM malu$prompt_template WHERE template_name='pv_typed'),
    jsonb_build_object('name','Liu','notes', E'she said "hi"\nand left'),
    ROW(true,'error','warn','null_literal',NULL,NULL,'error','json')::malu$bind_options);
       json_escaped        
---------------------------
 she said \"hi\"\nand left
(1 row)

-- ---------- legacy JSONB path ------------------------------------------
SELECT status, declared_count, supplied_count, normalized_variables
FROM _validate_bind_variables(
    (SELECT template_id FROM malu$prompt_template WHERE template_name='pv_legacy'),
    jsonb_build_object('label','beta'),
    _default_bind_options());
 status | declared_count | supplied_count | normalized_variables 
--------+----------------+----------------+----------------------
 ok     |              1 |              1 | {"label": "beta"}
(1 row)

-- legacy + extras: warn (default)
SELECT status, cardinality(warnings) AS n_warn
FROM _validate_bind_variables(
    (SELECT template_id FROM malu$prompt_template WHERE template_name='pv_legacy'),
    jsonb_build_object('label','beta','extra','x'),
    _default_bind_options());
NOTICE:  BIND_UNDECLARED_VARIABLES: {extra}
 status | n_warn 
--------+--------
 warned |      1
(1 row)

-- ---------- input shape errors -----------------------------------------
DO $$ BEGIN
    PERFORM _validate_bind_variables(
        (SELECT template_id FROM malu$prompt_template WHERE template_name='pv_typed'),
        '"not an object"'::jsonb,
        _default_bind_options());
    RAISE EXCEPTION 'should have rejected non-object input';
EXCEPTION WHEN invalid_parameter_value THEN
    RAISE NOTICE 'OK: non-object variables rejected';
END $$;
NOTICE:  OK: non-object variables rejected
-- ---------- cleanup ----------------------------------------------------
DELETE FROM malu$prompt_variable
WHERE template_id IN (
    SELECT template_id FROM malu$prompt_template
    WHERE template_name IN ('pv_typed','pv_legacy'));
DELETE FROM malu$prompt_template
WHERE template_name IN ('pv_typed','pv_legacy');
